Arguments: 
  /Users/jed/.nvm/versions/node/v7.7.4/bin/node /Users/jed/.nvm/versions/node/v7.7.4/bin/yarn install

PATH: 
  /Users/jed/.nvm/versions/node/v7.7.4/bin:/Users/jed/anaconda/bin:/usr/local/heroku/bin:/usr/local/bin:/Users/jed/bin:/usr/bin:/bin:/usr/sbin:/sbin:/usr/X11/bin:/Users/jed/.rvm/bin:/Users/jed/.fzf/bin

Yarn version: 
  0.19.1

Node version: 
  7.7.4

Platform: 
  darwin x64

npm manifest: 
  {
    "name": "jetset",
    "version": "0.1.0",
    "private": true,
    "repository": {
      "type": "git",
      "url": "https://github.com/DigitalGlobe/jetset"
    },
    "scripts": {
      "start": "lerna run seed-sources & webpack-dev-server"
    },
    "dependencies": {
      "fetch": "DigitalGlobe/fetch",
      "immutable": "^3.8.1",
      "immutablediff": "^0.4.4"
    },
    "devDependencies": {
      "babel-loader": "6.x",
      "react-router": "^4.1.1",
      "react-router-dom": "^4.1.1",
      "webpack-dev-server": "2.x"
    },
    "peerDependencies": {
      "react": "15.x",
      "react-dom": "15.x"
    }
  }

yarn manifest: 
  No manifest

Lockfile: 
  No lockfile

Trace: 
  Error: Error connecting to repository. Please, check the url.
      at /Users/jed/.nvm/versions/node/v7.7.4/lib/node_modules/yarn/lib/resolvers/exotics/hosted-git-resolver.js:162:15
      at Generator.next (<anonymous>)
      at step (/Users/jed/.nvm/versions/node/v7.7.4/lib/node_modules/yarn/node_modules/babel-runtime/helpers/asyncToGenerator.js:17:30)
      at /Users/jed/.nvm/versions/node/v7.7.4/lib/node_modules/yarn/node_modules/babel-runtime/helpers/asyncToGenerator.js:28:13
      at process._tickCallback (internal/process/next_tick.js:109:7)
